<?xml version="1.0" encoding="UTF-8"?>
<testng-results skipped="0" failed="0" total="1" passed="1">
  <reporter-output>
  </reporter-output>
  <suite name="Default suite" duration-ms="34395" started-at="2017-05-03T08:32:11Z" finished-at="2017-05-03T08:32:45Z">
    <groups>
    </groups>
    <test name="Default test" duration-ms="34395" started-at="2017-05-03T08:32:11Z" finished-at="2017-05-03T08:32:45Z">
      <class name="practiceTestCases.RobotAPI">
        <test-method status="PASS" signature="beforeTest()[pri:0, instance:practiceTestCases.RobotAPI@573f2bb1]" name="beforeTest" is-config="true" duration-ms="15814" started-at="2017-05-03T15:32:11Z" finished-at="2017-05-03T15:32:26Z">
          <reporter-output>
          </reporter-output>
        </test-method> <!-- beforeTest -->
        <test-method status="PASS" signature="test()[pri:0, instance:practiceTestCases.RobotAPI@573f2bb1]" name="test" duration-ms="17144" started-at="2017-05-03T15:32:26Z" finished-at="2017-05-03T15:32:44Z">
          <reporter-output>
          </reporter-output>
        </test-method> <!-- test -->
        <test-method status="PASS" signature="afterTest()[pri:0, instance:practiceTestCases.RobotAPI@573f2bb1]" name="afterTest" is-config="true" duration-ms="1424" started-at="2017-05-03T15:32:44Z" finished-at="2017-05-03T15:32:45Z">
          <reporter-output>
          </reporter-output>
        </test-method> <!-- afterTest -->
      </class> <!-- practiceTestCases.RobotAPI -->
    </test> <!-- Default test -->
  </suite> <!-- Default suite -->
</testng-results>
